!SESSION 2020-08-28 16:08:40.032 -----------------------------------------------
eclipse.buildId=4.1.2.201902210640-RELEASE
java.version=1.8.0_211
java.vendor=Oracle Corporation
BootLoader constants: OS=win32, ARCH=x86_64, WS=win32, NL=en_IN
Framework arguments:  -product org.springframework.boot.ide.branding.sts4
Command-line arguments:  -os win32 -ws win32 -arch x86_64 -product org.springframework.boot.ide.branding.sts4

!ENTRY org.eclipse.osgi 4 0 2020-08-28 16:12:00.194
!MESSAGE Application error
!STACK 1
org.eclipse.swt.SWTError: No more handles
	at org.eclipse.swt.SWT.error(SWT.java:4621)
	at org.eclipse.swt.SWT.error(SWT.java:4510)
	at org.eclipse.swt.SWT.error(SWT.java:4481)
	at org.eclipse.swt.widgets.Widget.error(Widget.java:451)
	at org.eclipse.swt.widgets.Control.createHandle(Control.java:721)
	at org.eclipse.swt.widgets.Composite.createHandle(Composite.java:295)
	at org.eclipse.swt.widgets.Decorations.createHandle(Decorations.java:378)
	at org.eclipse.swt.widgets.Shell.createHandle(Shell.java:595)
	at org.eclipse.swt.widgets.Control.createWidget(Control.java:761)
	at org.eclipse.swt.widgets.Scrollable.createWidget(Scrollable.java:154)
	at org.eclipse.swt.widgets.Decorations.createWidget(Decorations.java:387)
	at org.eclipse.swt.widgets.Shell.<init>(Shell.java:302)
	at org.eclipse.swt.widgets.Shell.<init>(Shell.java:381)
	at org.eclipse.jface.window.Window.createShell(Window.java:486)
	at org.eclipse.jface.window.Window.create(Window.java:429)
	at org.eclipse.jface.dialogs.Dialog.create(Dialog.java:1099)
	at org.eclipse.jface.window.Window.open(Window.java:787)
	at org.eclipse.jface.dialogs.MessageDialog.open(MessageDialog.java:394)
	at org.eclipse.jface.dialogs.MessageDialog.openError(MessageDialog.java:480)
	at org.eclipse.ui.internal.ide.application.IDEApplication.checkInstanceLocation(IDEApplication.java:309)
	at org.eclipse.ui.internal.ide.application.IDEApplication.start(IDEApplication.java:145)
	at org.eclipse.equinox.internal.app.EclipseAppHandle.run(EclipseAppHandle.java:203)
	at org.eclipse.core.runtime.internal.adaptor.EclipseAppLauncher.runApplication(EclipseAppLauncher.java:137)
	at org.eclipse.core.runtime.internal.adaptor.EclipseAppLauncher.start(EclipseAppLauncher.java:107)
	at org.eclipse.core.runtime.adaptor.EclipseStarter.run(EclipseStarter.java:400)
	at org.eclipse.core.runtime.adaptor.EclipseStarter.run(EclipseStarter.java:255)
	at sun.reflect.NativeMethodAccessorImpl.invoke0(Native Method)
	at sun.reflect.NativeMethodAccessorImpl.invoke(NativeMethodAccessorImpl.java:62)
	at sun.reflect.DelegatingMethodAccessorImpl.invoke(DelegatingMethodAccessorImpl.java:43)
	at java.lang.reflect.Method.invoke(Method.java:498)
	at org.eclipse.equinox.launcher.Main.invokeFramework(Main.java:659)
	at org.eclipse.equinox.launcher.Main.basicRun(Main.java:595)
	at org.eclipse.equinox.launcher.Main.run(Main.java:1501)
