!SESSION 2022-08-02 11:24:59.171 -----------------------------------------------
eclipse.buildId=4.1.2.201902210640-RELEASE
java.version=1.8.0_333
java.vendor=Oracle Corporation
BootLoader constants: OS=win32, ARCH=x86_64, WS=win32, NL=en_US
Framework arguments:  -product org.springframework.boot.ide.branding.sts4
Command-line arguments:  -os win32 -ws win32 -arch x86_64 -product org.springframework.boot.ide.branding.sts4

!ENTRY org.eclipse.osgi 4 0 2022-08-02 11:45:04.474
!MESSAGE Application error
!STACK 1
java.lang.IllegalArgumentException: -2147483647 > 1
	at java.util.Arrays.copyOfRange(Unknown Source)
	at java.util.Arrays.copyOfRange(Unknown Source)
	at org.eclipse.ui.internal.ide.ChooseWorkspaceDialog.lambda$6(ChooseWorkspaceDialog.java:387)
	at java.util.stream.ReferencePipeline$3$1.accept(Unknown Source)
	at java.util.ArrayList$ArrayListSpliterator.forEachRemaining(Unknown Source)
	at java.util.stream.AbstractPipeline.copyInto(Unknown Source)
	at java.util.stream.AbstractPipeline.wrapAndCopyInto(Unknown Source)
	at java.util.stream.ReduceOps$ReduceOp.evaluateSequential(Unknown Source)
	at java.util.stream.AbstractPipeline.evaluate(Unknown Source)
	at java.util.stream.ReferencePipeline.collect(Unknown Source)
	at org.eclipse.ui.internal.ide.ChooseWorkspaceDialog.createUniqueWorkspaceNameMap(ChooseWorkspaceDialog.java:391)
	at org.eclipse.ui.internal.ide.ChooseWorkspaceDialog.createRecentWorkspacesComposite(ChooseWorkspaceDialog.java:325)
	at org.eclipse.ui.internal.ide.ChooseWorkspaceDialog.createDialogArea(ChooseWorkspaceDialog.java:179)
	at org.eclipse.jface.dialogs.TitleAreaDialog.createContents(TitleAreaDialog.java:161)
	at org.eclipse.jface.window.Window.create(Window.java:430)
	at org.eclipse.jface.dialogs.Dialog.create(Dialog.java:1099)
	at org.eclipse.jface.window.Window.open(Window.java:787)
	at org.eclipse.ui.internal.ide.ChooseWorkspaceDialog.prompt(ChooseWorkspaceDialog.java:117)
	at org.eclipse.ui.internal.ide.application.IDEApplication.promptForWorkspace(IDEApplication.java:363)
	at org.eclipse.ui.internal.ide.application.IDEApplication.checkInstanceLocation(IDEApplication.java:282)
	at org.eclipse.ui.internal.ide.application.IDEApplication.start(IDEApplication.java:145)
	at org.eclipse.equinox.internal.app.EclipseAppHandle.run(EclipseAppHandle.java:203)
	at org.eclipse.core.runtime.internal.adaptor.EclipseAppLauncher.runApplication(EclipseAppLauncher.java:137)
	at org.eclipse.core.runtime.internal.adaptor.EclipseAppLauncher.start(EclipseAppLauncher.java:107)
	at org.eclipse.core.runtime.adaptor.EclipseStarter.run(EclipseStarter.java:400)
	at org.eclipse.core.runtime.adaptor.EclipseStarter.run(EclipseStarter.java:255)
	at sun.reflect.NativeMethodAccessorImpl.invoke0(Native Method)
	at sun.reflect.NativeMethodAccessorImpl.invoke(Unknown Source)
	at sun.reflect.DelegatingMethodAccessorImpl.invoke(Unknown Source)
	at java.lang.reflect.Method.invoke(Unknown Source)
	at org.eclipse.equinox.launcher.Main.invokeFramework(Main.java:659)
	at org.eclipse.equinox.launcher.Main.basicRun(Main.java:595)
	at org.eclipse.equinox.launcher.Main.run(Main.java:1501)
